2013-10-31 12:48:21 Error: [MissingViewException] View file "/home/n0bisuke/public_html/cake/app/View/Hello/index.ctp" is missing.
Exception Attributes: array (
  'file' => '/home/n0bisuke/public_html/cake/app/View/Hello/index.ctp',
)
Request URL: /~n0bisuke/cake/hello/
Stack Trace:
#0 /home/n0bisuke/public_html/cake/lib/Cake/View/View.php(468): View->_getViewFileName(NULL)
#1 /home/n0bisuke/public_html/cake/lib/Cake/Controller/Controller.php(952): View->render(NULL, NULL)
#2 /home/n0bisuke/public_html/cake/lib/Cake/Routing/Dispatcher.php(194): Controller->render()
#3 /home/n0bisuke/public_html/cake/lib/Cake/Routing/Dispatcher.php(162): Dispatcher->_invoke(Object(HelloController), Object(CakeRequest), Object(CakeResponse))
#4 /home/n0bisuke/public_html/cake/app/webroot/index.php(110): Dispatcher->dispatch(Object(CakeRequest), Object(CakeResponse))
#5 {main}
2013-10-31 12:52:50 Error: [MissingViewException] View file "/home/n0bisuke/public_html/cake/app/View/Hello/index.ctp" is missing.
Exception Attributes: array (
  'file' => '/home/n0bisuke/public_html/cake/app/View/Hello/index.ctp',
)
Request URL: /~n0bisuke/cake/hello/
Stack Trace:
#0 /home/n0bisuke/public_html/cake/lib/Cake/View/View.php(468): View->_getViewFileName(NULL)
#1 /home/n0bisuke/public_html/cake/lib/Cake/Controller/Controller.php(952): View->render(NULL, NULL)
#2 /home/n0bisuke/public_html/cake/lib/Cake/Routing/Dispatcher.php(194): Controller->render()
#3 /home/n0bisuke/public_html/cake/lib/Cake/Routing/Dispatcher.php(162): Dispatcher->_invoke(Object(HelloController), Object(CakeRequest), Object(CakeResponse))
#4 /home/n0bisuke/public_html/cake/app/webroot/index.php(110): Dispatcher->dispatch(Object(CakeRequest), Object(CakeResponse))
#5 {main}
2013-10-31 12:52:55 Error: [MissingViewException] View file "/home/n0bisuke/public_html/cake/app/View/Hello/index.ctp" is missing.
Exception Attributes: array (
  'file' => '/home/n0bisuke/public_html/cake/app/View/Hello/index.ctp',
)
Request URL: /~n0bisuke/cake/hello/
Stack Trace:
#0 /home/n0bisuke/public_html/cake/lib/Cake/View/View.php(468): View->_getViewFileName(NULL)
#1 /home/n0bisuke/public_html/cake/lib/Cake/Controller/Controller.php(952): View->render(NULL, NULL)
#2 /home/n0bisuke/public_html/cake/lib/Cake/Routing/Dispatcher.php(194): Controller->render()
#3 /home/n0bisuke/public_html/cake/lib/Cake/Routing/Dispatcher.php(162): Dispatcher->_invoke(Object(HelloController), Object(CakeRequest), Object(CakeResponse))
#4 /home/n0bisuke/public_html/cake/app/webroot/index.php(110): Dispatcher->dispatch(Object(CakeRequest), Object(CakeResponse))
#5 {main}
2013-10-31 12:52:57 Error: [MissingViewException] View file "/home/n0bisuke/public_html/cake/app/View/Hello/index.ctp" is missing.
Exception Attributes: array (
  'file' => '/home/n0bisuke/public_html/cake/app/View/Hello/index.ctp',
)
Request URL: /~n0bisuke/cake/hello/
Stack Trace:
#0 /home/n0bisuke/public_html/cake/lib/Cake/View/View.php(468): View->_getViewFileName(NULL)
#1 /home/n0bisuke/public_html/cake/lib/Cake/Controller/Controller.php(952): View->render(NULL, NULL)
#2 /home/n0bisuke/public_html/cake/lib/Cake/Routing/Dispatcher.php(194): Controller->render()
#3 /home/n0bisuke/public_html/cake/lib/Cake/Routing/Dispatcher.php(162): Dispatcher->_invoke(Object(HelloController), Object(CakeRequest), Object(CakeResponse))
#4 /home/n0bisuke/public_html/cake/app/webroot/index.php(110): Dispatcher->dispatch(Object(CakeRequest), Object(CakeResponse))
#5 {main}
2013-10-31 12:54:35 Error: [MissingViewException] View file "/home/n0bisuke/public_html/cake/app/View/Hello/index.ctp" is missing.
Exception Attributes: array (
  'file' => '/home/n0bisuke/public_html/cake/app/View/Hello/index.ctp',
)
Request URL: /~n0bisuke/cake/hello/
Stack Trace:
#0 /home/n0bisuke/public_html/cake/lib/Cake/View/View.php(468): View->_getViewFileName(NULL)
#1 /home/n0bisuke/public_html/cake/lib/Cake/Controller/Controller.php(952): View->render(NULL, NULL)
#2 /home/n0bisuke/public_html/cake/lib/Cake/Routing/Dispatcher.php(194): Controller->render()
#3 /home/n0bisuke/public_html/cake/lib/Cake/Routing/Dispatcher.php(162): Dispatcher->_invoke(Object(HelloController), Object(CakeRequest), Object(CakeResponse))
#4 /home/n0bisuke/public_html/cake/app/webroot/index.php(110): Dispatcher->dispatch(Object(CakeRequest), Object(CakeResponse))
#5 {main}
2013-10-31 12:54:37 Error: [MissingViewException] View file "/home/n0bisuke/public_html/cake/app/View/Hello/index.ctp" is missing.
Exception Attributes: array (
  'file' => '/home/n0bisuke/public_html/cake/app/View/Hello/index.ctp',
)
Request URL: /~n0bisuke/cake/hello/
Stack Trace:
#0 /home/n0bisuke/public_html/cake/lib/Cake/View/View.php(468): View->_getViewFileName(NULL)
#1 /home/n0bisuke/public_html/cake/lib/Cake/Controller/Controller.php(952): View->render(NULL, NULL)
#2 /home/n0bisuke/public_html/cake/lib/Cake/Routing/Dispatcher.php(194): Controller->render()
#3 /home/n0bisuke/public_html/cake/lib/Cake/Routing/Dispatcher.php(162): Dispatcher->_invoke(Object(HelloController), Object(CakeRequest), Object(CakeResponse))
#4 /home/n0bisuke/public_html/cake/app/webroot/index.php(110): Dispatcher->dispatch(Object(CakeRequest), Object(CakeResponse))
#5 {main}
